{"C:\\Users\\AdminETU\\Documents\\applications\\tests\\tictactrip\\app\\index.ts": {"path":"C:\\Users\\AdminETU\\Documents\\applications\\tests\\tictactrip\\app\\index.ts","statementMap":{"0":{"start":{"line":1,"column":0},"end":{"line":1,"column":53}},"1":{"start":{"line":2,"column":0},"end":{"line":2,"column":43}},"2":{"start":{"line":3,"column":0},"end":{"line":3,"column":50}},"3":{"start":{"line":4,"column":0},"end":{"line":4,"column":44}},"4":{"start":{"line":5,"column":0},"end":{"line":5,"column":28}},"5":{"start":{"line":6,"column":0},"end":{"line":6,"column":19}},"6":{"start":{"line":7,"column":15},"end":{"line":7,"column":32}},"7":{"start":{"line":9,"column":12},"end":{"line":9,"column":21}},"8":{"start":{"line":13,"column":0},"end":{"line":13,"column":24}},"9":{"start":{"line":14,"column":0},"end":{"line":14,"column":18}},"10":{"start":{"line":15,"column":0},"end":{"line":15,"column":null}},"11":{"start":{"line":18,"column":0},"end":{"line":18,"column":33}},"12":{"start":{"line":19,"column":0},"end":{"line":19,"column":53}},"13":{"start":{"line":22,"column":0},"end":{"line":24,"column":null}},"14":{"start":{"line":23,"column":4},"end":{"line":23,"column":60}},"15":{"start":{"line":26,"column":0},"end":{"line":28,"column":3}},"16":{"start":{"line":27,"column":2},"end":{"line":27,"column":48}}},"fnMap":{"0":{"name":"(anonymous_1)","decl":{"start":{"line":26,"column":17},"end":{"line":26,"column":20}},"loc":{"start":{"line":26,"column":22},"end":{"line":28,"column":1}}}},"branchMap":{"0":{"loc":{"start":{"line":22,"column":0},"end":{"line":24,"column":null}},"type":"if","locations":[{"start":{"line":22,"column":0},"end":{"line":24,"column":null}}]}},"s":{"0":0,"1":0,"2":0,"3":0,"4":0,"5":0,"6":0,"7":0,"8":0,"9":0,"10":0,"11":0,"12":0,"13":0,"14":0,"15":0,"16":0},"f":{"0":0},"b":{"0":[0]}}
,"C:\\Users\\AdminETU\\Documents\\applications\\tests\\tictactrip\\app\\controllers\\justify.ts": {"path":"C:\\Users\\AdminETU\\Documents\\applications\\tests\\tictactrip\\app\\controllers\\justify.ts","statementMap":{"0":{"start":{"line":2,"column":0},"end":{"line":2,"column":52}},"1":{"start":{"line":3,"column":0},"end":{"line":3,"column":19}},"2":{"start":{"line":5,"column":16},"end":{"line":39,"column":3}},"3":{"start":{"line":6,"column":22},"end":{"line":6,"column":59}},"4":{"start":{"line":8,"column":22},"end":{"line":8,"column":53}},"5":{"start":{"line":9,"column":18},"end":{"line":9,"column":27}},"6":{"start":{"line":11,"column":82},"end":{"line":11,"column":84}},"7":{"start":{"line":12,"column":4},"end":{"line":17,"column":null}},"8":{"start":{"line":13,"column":19},"end":{"line":13,"column":61}},"9":{"start":{"line":14,"column":6},"end":{"line":14,"column":31}},"10":{"start":{"line":16,"column":6},"end":{"line":16,"column":59}},"11":{"start":{"line":19,"column":24},"end":{"line":19,"column":34}},"12":{"start":{"line":20,"column":23},"end":{"line":20,"column":62}},"13":{"start":{"line":22,"column":4},"end":{"line":24,"column":null}},"14":{"start":{"line":23,"column":6},"end":{"line":23,"column":57}},"15":{"start":{"line":26,"column":4},"end":{"line":38,"column":null}},"16":{"start":{"line":27,"column":6},"end":{"line":27,"column":38}},"17":{"start":{"line":29,"column":6},"end":{"line":33,"column":null}},"18":{"start":{"line":30,"column":8},"end":{"line":30,"column":67}},"19":{"start":{"line":32,"column":8},"end":{"line":32,"column":61}},"20":{"start":{"line":35,"column":6},"end":{"line":35,"column":43}},"21":{"start":{"line":37,"column":6},"end":{"line":37,"column":47}},"22":{"start":{"line":41,"column":0},"end":{"line":41,"column":23}}},"fnMap":{"0":{"name":"(anonymous_1)","decl":{"start":{"line":5,"column":16},"end":{"line":5,"column":17}},"loc":{"start":{"line":5,"column":44},"end":{"line":39,"column":3}}}},"branchMap":{"0":{"loc":{"start":{"line":6,"column":22},"end":{"line":6,"column":59}},"type":"binary-expr","locations":[{"start":{"line":6,"column":22},"end":{"line":6,"column":50}},{"start":{"line":6,"column":54},"end":{"line":6,"column":59}}]},"1":{"loc":{"start":{"line":22,"column":4},"end":{"line":24,"column":null}},"type":"if","locations":[{"start":{"line":22,"column":4},"end":{"line":24,"column":null}}]},"2":{"loc":{"start":{"line":22,"column":8},"end":{"line":22,"column":62}},"type":"binary-expr","locations":[{"start":{"line":22,"column":8},"end":{"line":22,"column":21}},{"start":{"line":22,"column":25},"end":{"line":22,"column":62}}]},"3":{"loc":{"start":{"line":26,"column":4},"end":{"line":38,"column":null}},"type":"if","locations":[{"start":{"line":26,"column":4},"end":{"line":38,"column":null}},{"start":{"line":36,"column":11},"end":{"line":38,"column":null}}]}},"s":{"0":1,"1":1,"2":1,"3":2,"4":2,"5":2,"6":2,"7":2,"8":2,"9":2,"10":0,"11":2,"12":2,"13":2,"14":0,"15":2,"16":1,"17":1,"18":1,"19":0,"20":1,"21":1,"22":1},"f":{"0":2},"b":{"0":[2,1],"1":[0],"2":[2,2],"3":[1,1]}}
,"C:\\Users\\AdminETU\\Documents\\applications\\tests\\tictactrip\\app\\controllers\\token.ts": {"path":"C:\\Users\\AdminETU\\Documents\\applications\\tests\\tictactrip\\app\\controllers\\token.ts","statementMap":{"0":{"start":{"line":1,"column":0},"end":{"line":1,"column":31}},"1":{"start":{"line":3,"column":0},"end":{"line":3,"column":19}},"2":{"start":{"line":4,"column":17},"end":{"line":45,"column":3}},"3":{"start":{"line":5,"column":25},"end":{"line":5,"column":61}},"4":{"start":{"line":6,"column":22},"end":{"line":6,"column":30}},"5":{"start":{"line":7,"column":4},"end":{"line":10,"column":null}},"6":{"start":{"line":8,"column":6},"end":{"line":8,"column":51}},"7":{"start":{"line":9,"column":6},"end":{"line":9,"column":13}},"8":{"start":{"line":13,"column":82},"end":{"line":13,"column":84}},"9":{"start":{"line":14,"column":4},"end":{"line":24,"column":null}},"10":{"start":{"line":15,"column":19},"end":{"line":15,"column":61}},"11":{"start":{"line":16,"column":6},"end":{"line":16,"column":31}},"12":{"start":{"line":18,"column":6},"end":{"line":23,"column":null}},"13":{"start":{"line":20,"column":8},"end":{"line":20,"column":67}},"14":{"start":{"line":22,"column":8},"end":{"line":22,"column":61}},"15":{"start":{"line":27,"column":4},"end":{"line":29,"column":null}},"16":{"start":{"line":28,"column":6},"end":{"line":28,"column":51}},"17":{"start":{"line":32,"column":17},"end":{"line":32,"column":29}},"18":{"start":{"line":33,"column":4},"end":{"line":33,"column":19}},"19":{"start":{"line":34,"column":4},"end":{"line":34,"column":26}},"20":{"start":{"line":37,"column":4},"end":{"line":41,"column":null}},"21":{"start":{"line":38,"column":6},"end":{"line":38,"column":65}},"22":{"start":{"line":40,"column":6},"end":{"line":40,"column":54}},"23":{"start":{"line":43,"column":18},"end":{"line":43,"column":47}},"24":{"start":{"line":44,"column":4},"end":{"line":44,"column":24}},"25":{"start":{"line":48,"column":0},"end":{"line":48,"column":24}}},"fnMap":{"0":{"name":"(anonymous_1)","decl":{"start":{"line":4,"column":17},"end":{"line":4,"column":18}},"loc":{"start":{"line":4,"column":49},"end":{"line":45,"column":3}}}},"branchMap":{"0":{"loc":{"start":{"line":7,"column":4},"end":{"line":10,"column":null}},"type":"if","locations":[{"start":{"line":7,"column":4},"end":{"line":10,"column":null}}]},"1":{"loc":{"start":{"line":18,"column":6},"end":{"line":23,"column":null}},"type":"if","locations":[{"start":{"line":18,"column":6},"end":{"line":23,"column":null}},{"start":{"line":21,"column":13},"end":{"line":23,"column":null}}]},"2":{"loc":{"start":{"line":27,"column":4},"end":{"line":29,"column":null}},"type":"if","locations":[{"start":{"line":27,"column":4},"end":{"line":29,"column":null}}]}},"s":{"0":1,"1":1,"2":1,"3":1,"4":1,"5":1,"6":1,"7":1,"8":0,"9":0,"10":0,"11":0,"12":0,"13":0,"14":0,"15":0,"16":0,"17":0,"18":0,"19":0,"20":0,"21":0,"22":0,"23":0,"24":0,"25":1},"f":{"0":1},"b":{"0":[1],"1":[0,0],"2":[0]}}
,"C:\\Users\\AdminETU\\Documents\\applications\\tests\\tictactrip\\app\\middleware\\auth.ts": {"path":"C:\\Users\\AdminETU\\Documents\\applications\\tests\\tictactrip\\app\\middleware\\auth.ts","statementMap":{"0":{"start":{"line":1,"column":0},"end":{"line":1,"column":31}},"1":{"start":{"line":4,"column":26},"end":{"line":15,"column":1}},"2":{"start":{"line":5,"column":21},"end":{"line":5,"column":57}},"3":{"start":{"line":6,"column":21},"end":{"line":6,"column":49}},"4":{"start":{"line":7,"column":16},"end":{"line":7,"column":54}},"5":{"start":{"line":9,"column":2},"end":{"line":9,"column":48}},"6":{"start":{"line":9,"column":21},"end":{"line":9,"column":48}},"7":{"start":{"line":10,"column":2},"end":{"line":14,"column":5}},"8":{"start":{"line":11,"column":4},"end":{"line":11,"column":40}},"9":{"start":{"line":11,"column":13},"end":{"line":11,"column":40}},"10":{"start":{"line":12,"column":4},"end":{"line":12,"column":22}},"11":{"start":{"line":13,"column":4},"end":{"line":13,"column":11}},"12":{"start":{"line":16,"column":0},"end":{"line":16,"column":null}}},"fnMap":{"0":{"name":"(anonymous_1)","decl":{"start":{"line":4,"column":26},"end":{"line":4,"column":28}},"loc":{"start":{"line":4,"column":75},"end":{"line":15,"column":1}}},"1":{"name":"(anonymous_2)","decl":{"start":{"line":10,"column":34},"end":{"line":10,"column":35}},"loc":{"start":{"line":10,"column":60},"end":{"line":14,"column":3}}}},"branchMap":{"0":{"loc":{"start":{"line":7,"column":16},"end":{"line":7,"column":54}},"type":"binary-expr","locations":[{"start":{"line":7,"column":16},"end":{"line":7,"column":26}},{"start":{"line":7,"column":30},"end":{"line":7,"column":54}}]},"1":{"loc":{"start":{"line":9,"column":2},"end":{"line":9,"column":48}},"type":"if","locations":[{"start":{"line":9,"column":2},"end":{"line":9,"column":48}}]},"2":{"loc":{"start":{"line":11,"column":4},"end":{"line":11,"column":40}},"type":"if","locations":[{"start":{"line":11,"column":4},"end":{"line":11,"column":40}}]}},"s":{"0":1,"1":1,"2":3,"3":3,"4":3,"5":3,"6":1,"7":2,"8":2,"9":1,"10":1,"11":1,"12":1},"f":{"0":3,"1":2},"b":{"0":[3,2],"1":[1],"2":[1]}}
,"C:\\Users\\AdminETU\\Documents\\applications\\tests\\tictactrip\\app\\utils\\justify-text.ts": {"path":"C:\\Users\\AdminETU\\Documents\\applications\\tests\\tictactrip\\app\\utils\\justify-text.ts","statementMap":{"0":{"start":{"line":2,"column":29},"end":{"line":2,"column":44}},"1":{"start":{"line":3,"column":29},"end":{"line":3,"column":31}},"2":{"start":{"line":4,"column":22},"end":{"line":4,"column":24}},"3":{"start":{"line":5,"column":4},"end":{"line":12,"column":null}},"4":{"start":{"line":6,"column":8},"end":{"line":11,"column":null}},"5":{"start":{"line":7,"column":12},"end":{"line":7,"column":31}},"6":{"start":{"line":9,"column":12},"end":{"line":9,"column":null}},"7":{"start":{"line":10,"column":12},"end":{"line":10,"column":null}},"8":{"start":{"line":14,"column":4},"end":{"line":14,"column":null}},"9":{"start":{"line":15,"column":4},"end":{"line":15,"column":null}},"10":{"start":{"line":1,"column":0},"end":{"line":1,"column":16}}},"fnMap":{"0":{"name":"justifyText","decl":{"start":{"line":1,"column":16},"end":{"line":1,"column":27}},"loc":{"start":{"line":1,"column":41},"end":{"line":16,"column":1}}},"1":{"name":"(anonymous_1)","decl":{"start":{"line":5,"column":18},"end":{"line":5,"column":22}},"loc":{"start":{"line":5,"column":25},"end":{"line":12,"column":5}}}},"branchMap":{"0":{"loc":{"start":{"line":6,"column":8},"end":{"line":11,"column":null}},"type":"if","locations":[{"start":{"line":6,"column":8},"end":{"line":11,"column":null}},{"start":{"line":8,"column":13},"end":{"line":11,"column":null}}]}},"s":{"0":1,"1":1,"2":1,"3":1,"4":8,"5":8,"6":0,"7":0,"8":1,"9":1,"10":1},"f":{"0":1,"1":8},"b":{"0":[8,0]}}
}
