TN:
SF:app\index.ts
FN:26,(anonymous_1)
FNF:1
FNH:0
FNDA:0,(anonymous_1)
DA:1,0
DA:2,0
DA:3,0
DA:4,0
DA:5,0
DA:6,0
DA:7,0
DA:9,0
DA:13,0
DA:14,0
DA:15,0
DA:18,0
DA:19,0
DA:22,0
DA:23,0
DA:26,0
DA:27,0
LF:17
LH:0
BRDA:22,0,0,0
BRF:1
BRH:0
end_of_record
TN:
SF:app\controllers\justify.ts
FN:5,(anonymous_1)
FNF:1
FNH:1
FNDA:2,(anonymous_1)
DA:2,1
DA:3,1
DA:5,1
DA:6,2
DA:8,2
DA:9,2
DA:11,2
DA:12,2
DA:13,2
DA:14,2
DA:16,0
DA:19,2
DA:20,2
DA:22,2
DA:23,0
DA:26,2
DA:27,1
DA:29,1
DA:30,1
DA:32,0
DA:35,1
DA:37,1
DA:41,1
LF:23
LH:20
BRDA:6,0,0,2
BRDA:6,0,1,1
BRDA:22,1,0,0
BRDA:22,2,0,2
BRDA:22,2,1,2
BRDA:26,3,0,1
BRDA:26,3,1,1
BRF:7
BRH:6
end_of_record
TN:
SF:app\controllers\token.ts
FN:4,(anonymous_1)
FNF:1
FNH:1
FNDA:1,(anonymous_1)
DA:1,1
DA:3,1
DA:4,1
DA:5,1
DA:6,1
DA:7,1
DA:8,1
DA:9,1
DA:13,0
DA:14,0
DA:15,0
DA:16,0
DA:18,0
DA:20,0
DA:22,0
DA:27,0
DA:28,0
DA:32,0
DA:33,0
DA:34,0
DA:37,0
DA:38,0
DA:40,0
DA:43,0
DA:44,0
DA:48,1
LF:26
LH:9
BRDA:7,0,0,1
BRDA:18,1,0,0
BRDA:18,1,1,0
BRDA:27,2,0,0
BRF:4
BRH:1
end_of_record
TN:
SF:app\middleware\auth.ts
FN:4,(anonymous_1)
FN:10,(anonymous_2)
FNF:2
FNH:2
FNDA:3,(anonymous_1)
FNDA:2,(anonymous_2)
DA:1,1
DA:4,1
DA:5,3
DA:6,3
DA:7,3
DA:9,3
DA:10,2
DA:11,2
DA:12,1
DA:13,1
DA:16,1
LF:11
LH:11
BRDA:7,0,0,3
BRDA:7,0,1,2
BRDA:9,1,0,1
BRDA:11,2,0,1
BRF:4
BRH:4
end_of_record
TN:
SF:app\utils\justify-text.ts
FN:1,justifyText
FN:5,(anonymous_1)
FNF:2
FNH:2
FNDA:1,justifyText
FNDA:8,(anonymous_1)
DA:1,1
DA:2,1
DA:3,1
DA:4,1
DA:5,1
DA:6,8
DA:7,8
DA:9,0
DA:10,0
DA:14,1
DA:15,1
LF:11
LH:9
BRDA:6,0,0,8
BRDA:6,0,1,0
BRF:2
BRH:1
end_of_record
